  GUItextRectangle.cpp
  MyOGL.cpp
  Object.cpp
  OpenGLrememberProj.cpp
  Primitives.cpp
  PrimitivesStatic.cpp
  Render.cpp
C:\Users\Наташик\Downloads\KG_Laba3\grafika_lab2-master\OpenGLrememberProj\Render.cpp(21,1): warning C4005: PI: изменение макроопределения
C:\Users\Наташик\Downloads\KG_Laba3\grafika_lab2-master\OpenGLrememberProj\angle.h(5): message : см. предыдущее определение "PI"
C:\Users\Наташик\Downloads\KG_Laba3\grafika_lab2-master\OpenGLrememberProj\Render.cpp(182,31): warning C4838: Преобразование из "double" в "GLfloat" требует сужающего преобразования.
C:\Users\Наташик\Downloads\KG_Laba3\grafika_lab2-master\OpenGLrememberProj\Render.cpp(182,40): warning C4838: Преобразование из "double" в "GLfloat" требует сужающего преобразования.
C:\Users\Наташик\Downloads\KG_Laba3\grafika_lab2-master\OpenGLrememberProj\Render.cpp(182,49): warning C4838: Преобразование из "double" в "GLfloat" требует сужающего преобразования.
C:\Users\Наташик\Downloads\KG_Laba3\grafika_lab2-master\OpenGLrememberProj\Render.cpp(614,20): warning C4018: <: несоответствие типов со знаком и без знака
C:\Users\Наташик\Downloads\KG_Laba3\grafika_lab2-master\OpenGLrememberProj\Render.cpp(616,21): warning C4018: <: несоответствие типов со знаком и без знака
  Создание кода
  518 of 529 functions (97.9%) were compiled, the rest were copied from previous compilation.
    12 functions were new in current compilation
    1 functions had inline decision re-evaluated but remain unchanged
  Создание кода завершено
  OpenGLrememberProj.vcxproj -> C:\Users\Наташик\Downloads\KG_Laba3\grafika_lab2-master\Release\OpenGLrememberProj.exe
